<?xml version="1.0" encoding="UTF-8" ?>
<testsuite tests="4" failures="4" name="cucumberpracticeProject.TestRunner.TestRunner" time="4.005" errors="0" skipped="0">
  <properties>
[...]
</properties>
  <testcase classname="cucumberpracticeProject.TestRunner.TestRunner" name="runScenario" time="0.935">
    <failure message="Invalid tag expression at &apos;cucumberpracticeProject.StepDefinition.Hooks.callDriver()&apos;" type="java.lang.IllegalArgumentException">java.lang.IllegalArgumentException: Invalid tag expression at &apos;cucumberpracticeProject.StepDefinition.Hooks.callDriver()&apos;
	at io.cucumber.core.runner.CoreHookDefinition.&lt;init&gt;(CoreHookDefinition.java:31)
	at io.cucumber.core.runner.CoreHookDefinition.create(CoreHookDefinition.java:42)
	at io.cucumber.core.runner.CachingGlue.addBeforeHook(CachingGlue.java:89)
	at io.cucumber.java.GlueAdaptor.addDefinition(GlueAdaptor.java:27)
	at io.cucumber.java.JavaBackend.lambda$loadGlue$1(JavaBackend.java:42)
	at io.cucumber.java.MethodScanner.scan(MethodScanner.java:65)
	at io.cucumber.java.MethodScanner.scan(MethodScanner.java:56)
	at io.cucumber.java.MethodScanner.scan(MethodScanner.java:31)
	at io.cucumber.java.JavaBackend.lambda$loadGlue$2(JavaBackend.java:40)
	at java.util.stream.ForEachOps$ForEachOp$OfRef.accept(ForEachOps.java:184)
	at java.util.ArrayList$ArrayListSpliterator.forEachRemaining(ArrayList.java:1382)
	at java.util.stream.ReferencePipeline$Head.forEach(ReferencePipeline.java:580)
	at java.util.stream.ReferencePipeline$7$1.accept(ReferencePipeline.java:270)
	at java.util.stream.ReferencePipeline$3$1.accept(ReferencePipeline.java:193)
	at java.util.stream.ReferencePipeline$3$1.accept(ReferencePipeline.java:193)
	at java.util.stream.ReferencePipeline$2$1.accept(ReferencePipeline.java:175)
	at java.util.ArrayList$ArrayListSpliterator.forEachRemaining(ArrayList.java:1382)
	at java.util.stream.AbstractPipeline.copyInto(AbstractPipeline.java:482)
	at java.util.stream.AbstractPipeline.wrapAndCopyInto(AbstractPipeline.java:472)
	at java.util.stream.ForEachOps$ForEachOp.evaluateSequential(ForEachOps.java:151)
	at java.util.stream.ForEachOps$ForEachOp$OfRef.evaluateSequential(ForEachOps.java:174)
	at java.util.stream.AbstractPipeline.evaluate(AbstractPipeline.java:234)
	at java.util.stream.ReferencePipeline.forEach(ReferencePipeline.java:418)
	at io.cucumber.java.JavaBackend.loadGlue(JavaBackend.java:40)
	at io.cucumber.core.runner.Runner.&lt;init&gt;(Runner.java:54)
	at io.cucumber.core.runtime.ThreadLocalRunnerSupplier.createRunner(ThreadLocalRunnerSupplier.java:51)
	at java.lang.ThreadLocal$SuppliedThreadLocal.initialValue(ThreadLocal.java:284)
	at java.lang.ThreadLocal.setInitialValue(ThreadLocal.java:180)
	at java.lang.ThreadLocal.get(ThreadLocal.java:170)
	at io.cucumber.core.runtime.ThreadLocalRunnerSupplier.get(ThreadLocalRunnerSupplier.java:43)
	at io.cucumber.core.runtime.CucumberExecutionContext.getRunner(CucumberExecutionContext.java:128)
	at io.cucumber.core.runtime.CucumberExecutionContext.runTestCase(CucumberExecutionContext.java:115)
	at io.cucumber.testng.TestNGCucumberRunner.runScenario(TestNGCucumberRunner.java:114)
	at io.cucumber.testng.AbstractTestNGCucumberTests.runScenario(AbstractTestNGCucumberTests.java:31)
	at sun.reflect.NativeMethodAccessorImpl.invoke0(Native Method)
	at sun.reflect.NativeMethodAccessorImpl.invoke(NativeMethodAccessorImpl.java:62)
	at sun.reflect.DelegatingMethodAccessorImpl.invoke(DelegatingMethodAccessorImpl.java:43)
	at java.lang.reflect.Method.invoke(Method.java:498)
	at org.testng.internal.MethodInvocationHelper.invokeMethod(MethodInvocationHelper.java:133)
	at org.testng.internal.TestInvoker.invokeMethod(TestInvoker.java:598)
	at org.testng.internal.TestInvoker.invokeTestMethod(TestInvoker.java:173)
	at org.testng.internal.TestMethodWithDataProviderMethodWorker.call(TestMethodWithDataProviderMethodWorker.java:77)
	at org.testng.internal.TestMethodWithDataProviderMethodWorker.call(TestMethodWithDataProviderMethodWorker.java:15)
	at java.util.concurrent.FutureTask.run(FutureTask.java:266)
	at java.util.concurrent.Executors$RunnableAdapter.call(Executors.java:511)
	at java.util.concurrent.FutureTask.run(FutureTask.java:266)
	at java.util.concurrent.ThreadPoolExecutor.runWorker(ThreadPoolExecutor.java:1149)
	at java.util.concurrent.ThreadPoolExecutor$Worker.run(ThreadPoolExecutor.java:624)
	at java.lang.Thread.run(Thread.java:748)
Caused by: io.cucumber.tagexpressions.TagExpressionException: Tag expression &apos;Sanity, smoke, regression&apos; could not be parsed because of syntax error: expected operator
	at io.cucumber.tagexpressions.TagExpressionParser.check(TagExpressionParser.java:136)
	at io.cucumber.tagexpressions.TagExpressionParser.parse(TagExpressionParser.java:74)
	at io.cucumber.tagexpressions.TagExpressionParser.parse(TagExpressionParser.java:27)
	at io.cucumber.core.runner.CoreHookDefinition.&lt;init&gt;(CoreHookDefinition.java:28)
	... 48 more
Caused by: io.cucumber.tagexpressions.TagExpressionException: Tag expression &apos;Sanity, smoke, regression&apos; could not be parsed because of syntax error: expected operator
	at io.cucumber.tagexpressions.TagExpressionParser.check(TagExpressionParser.java:136)
	at io.cucumber.tagexpressions.TagExpressionParser.parse(TagExpressionParser.java:74)
	at io.cucumber.tagexpressions.TagExpressionParser.parse(TagExpressionParser.java:27)
	at io.cucumber.core.runner.CoreHookDefinition.&lt;init&gt;(CoreHookDefinition.java:28)
	... 48 more
</failure>
    <system-out>Configuring TestNG with: org.apache.maven.surefire.testng.conf.TestNG652Configurator@5d3411d
</system-out>
    <system-err>Jul 31, 2021 7:18:06 AM io.cucumber.core.runtime.CucumberExecutionContext getRunner
SEVERE: Unable to start Cucumber
java.lang.IllegalArgumentException: Invalid tag expression at &apos;cucumberpracticeProject.StepDefinition.Hooks.callDriver()&apos;
	at io.cucumber.core.runner.CoreHookDefinition.&lt;init&gt;(CoreHookDefinition.java:31)
	at io.cucumber.core.runner.CoreHookDefinition.create(CoreHookDefinition.java:42)
	at io.cucumber.core.runner.CachingGlue.addBeforeHook(CachingGlue.java:89)
	at io.cucumber.java.GlueAdaptor.addDefinition(GlueAdaptor.java:27)
	at io.cucumber.java.JavaBackend.lambda$loadGlue$1(JavaBackend.java:42)
	at io.cucumber.java.MethodScanner.scan(MethodScanner.java:65)
	at io.cucumber.java.MethodScanner.scan(MethodScanner.java:56)
	at io.cucumber.java.MethodScanner.scan(MethodScanner.java:31)
	at io.cucumber.java.JavaBackend.lambda$loadGlue$2(JavaBackend.java:40)
	at java.util.stream.ForEachOps$ForEachOp$OfRef.accept(ForEachOps.java:184)
	at java.util.ArrayList$ArrayListSpliterator.forEachRemaining(ArrayList.java:1382)
	at java.util.stream.ReferencePipeline$Head.forEach(ReferencePipeline.java:580)
	at java.util.stream.ReferencePipeline$7$1.accept(ReferencePipeline.java:270)
	at java.util.stream.ReferencePipeline$3$1.accept(ReferencePipeline.java:193)
	at java.util.stream.ReferencePipeline$3$1.accept(ReferencePipeline.java:193)
	at java.util.stream.ReferencePipeline$2$1.accept(ReferencePipeline.java:175)
	at java.util.ArrayList$ArrayListSpliterator.forEachRemaining(ArrayList.java:1382)
	at java.util.stream.AbstractPipeline.copyInto(AbstractPipeline.java:482)
	at java.util.stream.AbstractPipeline.wrapAndCopyInto(AbstractPipeline.java:472)
	at java.util.stream.ForEachOps$ForEachOp.evaluateSequential(ForEachOps.java:151)
	at java.util.stream.ForEachOps$ForEachOp$OfRef.evaluateSequential(ForEachOps.java:174)
	at java.util.stream.AbstractPipeline.evaluate(AbstractPipeline.java:234)
	at java.util.stream.ReferencePipeline.forEach(ReferencePipeline.java:418)
	at io.cucumber.java.JavaBackend.loadGlue(JavaBackend.java:40)
	at io.cucumber.core.runner.Runner.&lt;init&gt;(Runner.java:54)
	at io.cucumber.core.runtime.ThreadLocalRunnerSupplier.createRunner(ThreadLocalRunnerSupplier.java:51)
	at java.lang.ThreadLocal$SuppliedThreadLocal.initialValue(ThreadLocal.java:284)
	at java.lang.ThreadLocal.setInitialValue(ThreadLocal.java:180)
	at java.lang.ThreadLocal.get(ThreadLocal.java:170)
	at io.cucumber.core.runtime.ThreadLocalRunnerSupplier.get(ThreadLocalRunnerSupplier.java:43)
	at io.cucumber.core.runtime.CucumberExecutionContext.getRunner(CucumberExecutionContext.java:128)
	at io.cucumber.core.runtime.CucumberExecutionContext.runTestCase(CucumberExecutionContext.java:115)
	at io.cucumber.testng.TestNGCucumberRunner.runScenario(TestNGCucumberRunner.java:114)
	at io.cucumber.testng.AbstractTestNGCucumberTests.runScenario(AbstractTestNGCucumberTests.java:31)
	at sun.reflect.NativeMethodAccessorImpl.invoke0(Native Method)
	at sun.reflect.NativeMethodAccessorImpl.invoke(NativeMethodAccessorImpl.java:62)
	at sun.reflect.DelegatingMethodAccessorImpl.invoke(DelegatingMethodAccessorImpl.java:43)
	at java.lang.reflect.Method.invoke(Method.java:498)
	at org.testng.internal.MethodInvocationHelper.invokeMethod(MethodInvocationHelper.java:133)
	at org.testng.internal.TestInvoker.invokeMethod(TestInvoker.java:598)
	at org.testng.internal.TestInvoker.invokeTestMethod(TestInvoker.java:173)
	at org.testng.internal.TestMethodWithDataProviderMethodWorker.call(TestMethodWithDataProviderMethodWorker.java:77)
	at org.testng.internal.TestMethodWithDataProviderMethodWorker.call(TestMethodWithDataProviderMethodWorker.java:15)
	at java.util.concurrent.FutureTask.run(FutureTask.java:266)
	at java.util.concurrent.Executors$RunnableAdapter.call(Executors.java:511)
	at java.util.concurrent.FutureTask.run(FutureTask.java:266)
	at java.util.concurrent.ThreadPoolExecutor.runWorker(ThreadPoolExecutor.java:1149)
	at java.util.concurrent.ThreadPoolExecutor$Worker.run(ThreadPoolExecutor.java:624)
	at java.lang.Thread.run(Thread.java:748)
Caused by: io.cucumber.tagexpressions.TagExpressionException: Tag expression &apos;Sanity, smoke, regression&apos; could not be parsed because of syntax error: expected operator
	at io.cucumber.tagexpressions.TagExpressionParser.check(TagExpressionParser.java:136)
	at io.cucumber.tagexpressions.TagExpressionParser.parse(TagExpressionParser.java:74)
	at io.cucumber.tagexpressions.TagExpressionParser.parse(TagExpressionParser.java:27)
	at io.cucumber.core.runner.CoreHookDefinition.&lt;init&gt;(CoreHookDefinition.java:28)
	... 48 more

Jul 31, 2021 7:18:06 AM io.cucumber.core.runtime.CucumberExecutionContext getRunner
SEVERE: Unable to start Cucumber
java.lang.IllegalArgumentException: Invalid tag expression at &apos;cucumberpracticeProject.StepDefinition.Hooks.callDriver()&apos;
	at io.cucumber.core.runner.CoreHookDefinition.&lt;init&gt;(CoreHookDefinition.java:31)
	at io.cucumber.core.runner.CoreHookDefinition.create(CoreHookDefinition.java:42)
	at io.cucumber.core.runner.CachingGlue.addBeforeHook(CachingGlue.java:89)
	at io.cucumber.java.GlueAdaptor.addDefinition(GlueAdaptor.java:27)
	at io.cucumber.java.JavaBackend.lambda$loadGlue$1(JavaBackend.java:42)
	at io.cucumber.java.MethodScanner.scan(MethodScanner.java:65)
	at io.cucumber.java.MethodScanner.scan(MethodScanner.java:56)
	at io.cucumber.java.MethodScanner.scan(MethodScanner.java:31)
	at io.cucumber.java.JavaBackend.lambda$loadGlue$2(JavaBackend.java:40)
	at java.util.stream.ForEachOps$ForEachOp$OfRef.accept(ForEachOps.java:184)
	at java.util.ArrayList$ArrayListSpliterator.forEachRemaining(ArrayList.java:1382)
	at java.util.stream.ReferencePipeline$Head.forEach(ReferencePipeline.java:580)
	at java.util.stream.ReferencePipeline$7$1.accept(ReferencePipeline.java:270)
	at java.util.stream.ReferencePipeline$3$1.accept(ReferencePipeline.java:193)
	at java.util.stream.ReferencePipeline$3$1.accept(ReferencePipeline.java:193)
	at java.util.stream.ReferencePipeline$2$1.accept(ReferencePipeline.java:175)
	at java.util.ArrayList$ArrayListSpliterator.forEachRemaining(ArrayList.java:1382)
	at java.util.stream.AbstractPipeline.copyInto(AbstractPipeline.java:482)
	at java.util.stream.AbstractPipeline.wrapAndCopyInto(AbstractPipeline.java:472)
	at java.util.stream.ForEachOps$ForEachOp.evaluateSequential(ForEachOps.java:151)
	at java.util.stream.ForEachOps$ForEachOp$OfRef.evaluateSequential(ForEachOps.java:174)
	at java.util.stream.AbstractPipeline.evaluate(AbstractPipeline.java:234)
	at java.util.stream.ReferencePipeline.forEach(ReferencePipeline.java:418)
	at io.cucumber.java.JavaBackend.loadGlue(JavaBackend.java:40)
	at io.cucumber.core.runner.Runner.&lt;init&gt;(Runner.java:54)
	at io.cucumber.core.runtime.ThreadLocalRunnerSupplier.createRunner(ThreadLocalRunnerSupplier.java:51)
	at java.lang.ThreadLocal$SuppliedThreadLocal.initialValue(ThreadLocal.java:284)
	at java.lang.ThreadLocal.setInitialValue(ThreadLocal.java:180)
	at java.lang.ThreadLocal.get(ThreadLocal.java:170)
	at io.cucumber.core.runtime.ThreadLocalRunnerSupplier.get(ThreadLocalRunnerSupplier.java:43)
	at io.cucumber.core.runtime.CucumberExecutionContext.getRunner(CucumberExecutionContext.java:128)
	at io.cucumber.core.runtime.CucumberExecutionContext.runTestCase(CucumberExecutionContext.java:115)
	at io.cucumber.testng.TestNGCucumberRunner.runScenario(TestNGCucumberRunner.java:114)
	at io.cucumber.testng.AbstractTestNGCucumberTests.runScenario(AbstractTestNGCucumberTests.java:31)
	at sun.reflect.NativeMethodAccessorImpl.invoke0(Native Method)
	at sun.reflect.NativeMethodAccessorImpl.invoke(NativeMethodAccessorImpl.java:62)
	at sun.reflect.DelegatingMethodAccessorImpl.invoke(DelegatingMethodAccessorImpl.java:43)
	at java.lang.reflect.Method.invoke(Method.java:498)
	at org.testng.internal.MethodInvocationHelper.invokeMethod(MethodInvocationHelper.java:133)
	at org.testng.internal.TestInvoker.invokeMethod(TestInvoker.java:598)
	at org.testng.internal.TestInvoker.invokeTestMethod(TestInvoker.java:173)
	at org.testng.internal.TestMethodWithDataProviderMethodWorker.call(TestMethodWithDataProviderMethodWorker.java:77)
	at org.testng.internal.TestMethodWithDataProviderMethodWorker.call(TestMethodWithDataProviderMethodWorker.java:15)
	at java.util.concurrent.FutureTask.run(FutureTask.java:266)
	at java.util.concurrent.Executors$RunnableAdapter.call(Executors.java:511)
	at java.util.concurrent.FutureTask.run(FutureTask.java:266)
	at java.util.concurrent.ThreadPoolExecutor.runWorker(ThreadPoolExecutor.java:1149)
	at java.util.concurrent.ThreadPoolExecutor$Worker.run(ThreadPoolExecutor.java:624)
	at java.lang.Thread.run(Thread.java:748)
Caused by: io.cucumber.tagexpressions.TagExpressionException: Tag expression &apos;Sanity, smoke, regression&apos; could not be parsed because of syntax error: expected operator
	at io.cucumber.tagexpressions.TagExpressionParser.check(TagExpressionParser.java:136)
	at io.cucumber.tagexpressions.TagExpressionParser.parse(TagExpressionParser.java:74)
	at io.cucumber.tagexpressions.TagExpressionParser.parse(TagExpressionParser.java:27)
	at io.cucumber.core.runner.CoreHookDefinition.&lt;init&gt;(CoreHookDefinition.java:28)
	... 48 more

Jul 31, 2021 7:18:06 AM io.cucumber.core.runtime.CucumberExecutionContext getRunner
SEVERE: Unable to start Cucumber
java.lang.IllegalArgumentException: Invalid tag expression at &apos;cucumberpracticeProject.StepDefinition.Hooks.callDriver()&apos;
	at io.cucumber.core.runner.CoreHookDefinition.&lt;init&gt;(CoreHookDefinition.java:31)
	at io.cucumber.core.runner.CoreHookDefinition.create(CoreHookDefinition.java:42)
	at io.cucumber.core.runner.CachingGlue.addBeforeHook(CachingGlue.java:89)
	at io.cucumber.java.GlueAdaptor.addDefinition(GlueAdaptor.java:27)
	at io.cucumber.java.JavaBackend.lambda$loadGlue$1(JavaBackend.java:42)
	at io.cucumber.java.MethodScanner.scan(MethodScanner.java:65)
	at io.cucumber.java.MethodScanner.scan(MethodScanner.java:56)
	at io.cucumber.java.MethodScanner.scan(MethodScanner.java:31)
	at io.cucumber.java.JavaBackend.lambda$loadGlue$2(JavaBackend.java:40)
	at java.util.stream.ForEachOps$ForEachOp$OfRef.accept(ForEachOps.java:184)
	at java.util.ArrayList$ArrayListSpliterator.forEachRemaining(ArrayList.java:1382)
	at java.util.stream.ReferencePipeline$Head.forEach(ReferencePipeline.java:580)
	at java.util.stream.ReferencePipeline$7$1.accept(ReferencePipeline.java:270)
	at java.util.stream.ReferencePipeline$3$1.accept(ReferencePipeline.java:193)
	at java.util.stream.ReferencePipeline$3$1.accept(ReferencePipeline.java:193)
	at java.util.stream.ReferencePipeline$2$1.accept(ReferencePipeline.java:175)
	at java.util.ArrayList$ArrayListSpliterator.forEachRemaining(ArrayList.java:1382)
	at java.util.stream.AbstractPipeline.copyInto(AbstractPipeline.java:482)
	at java.util.stream.AbstractPipeline.wrapAndCopyInto(AbstractPipeline.java:472)
	at java.util.stream.ForEachOps$ForEachOp.evaluateSequential(ForEachOps.java:151)
	at java.util.stream.ForEachOps$ForEachOp$OfRef.evaluateSequential(ForEachOps.java:174)
	at java.util.stream.AbstractPipeline.evaluate(AbstractPipeline.java:234)
	at java.util.stream.ReferencePipeline.forEach(ReferencePipeline.java:418)
	at io.cucumber.java.JavaBackend.loadGlue(JavaBackend.java:40)
	at io.cucumber.core.runner.Runner.&lt;init&gt;(Runner.java:54)
	at io.cucumber.core.runtime.ThreadLocalRunnerSupplier.createRunner(ThreadLocalRunnerSupplier.java:51)
	at java.lang.ThreadLocal$SuppliedThreadLocal.initialValue(ThreadLocal.java:284)
	at java.lang.ThreadLocal.setInitialValue(ThreadLocal.java:180)
	at java.lang.ThreadLocal.get(ThreadLocal.java:170)
	at io.cucumber.core.runtime.ThreadLocalRunnerSupplier.get(ThreadLocalRunnerSupplier.java:43)
	at io.cucumber.core.runtime.CucumberExecutionContext.getRunner(CucumberExecutionContext.java:128)
	at io.cucumber.core.runtime.CucumberExecutionContext.runTestCase(CucumberExecutionContext.java:115)
	at io.cucumber.testng.TestNGCucumberRunner.runScenario(TestNGCucumberRunner.java:114)
	at io.cucumber.testng.AbstractTestNGCucumberTests.runScenario(AbstractTestNGCucumberTests.java:31)
	at sun.reflect.NativeMethodAccessorImpl.invoke0(Native Method)
	at sun.reflect.NativeMethodAccessorImpl.invoke(NativeMethodAccessorImpl.java:62)
	at sun.reflect.DelegatingMethodAccessorImpl.invoke(DelegatingMethodAccessorImpl.java:43)
	at java.lang.reflect.Method.invoke(Method.java:498)
	at org.testng.internal.MethodInvocationHelper.invokeMethod(MethodInvocationHelper.java:133)
	at org.testng.internal.TestInvoker.invokeMethod(TestInvoker.java:598)
	at org.testng.internal.TestInvoker.invokeTestMethod(TestInvoker.java:173)
	at org.testng.internal.TestMethodWithDataProviderMethodWorker.call(TestMethodWithDataProviderMethodWorker.java:77)
	at org.testng.internal.TestMethodWithDataProviderMethodWorker.call(TestMethodWithDataProviderMethodWorker.java:15)
	at java.util.concurrent.FutureTask.run(FutureTask.java:266)
	at java.util.concurrent.Executors$RunnableAdapter.call(Executors.java:511)
	at java.util.concurrent.FutureTask.run(FutureTask.java:266)
	at java.util.concurrent.ThreadPoolExecutor.runWorker(ThreadPoolExecutor.java:1149)
	at java.util.concurrent.ThreadPoolExecutor$Worker.run(ThreadPoolExecutor.java:624)
	at java.lang.Thread.run(Thread.java:748)
Caused by: io.cucumber.tagexpressions.TagExpressionException: Tag expression &apos;Sanity, smoke, regression&apos; could not be parsed because of syntax error: expected operator
	at io.cucumber.tagexpressions.TagExpressionParser.check(TagExpressionParser.java:136)
	at io.cucumber.tagexpressions.TagExpressionParser.parse(TagExpressionParser.java:74)
	at io.cucumber.tagexpressions.TagExpressionParser.parse(TagExpressionParser.java:27)
	at io.cucumber.core.runner.CoreHookDefinition.&lt;init&gt;(CoreHookDefinition.java:28)
	... 48 more

</system-err>
  </testcase>
  <testcase classname="cucumberpracticeProject.TestRunner.TestRunner" name="runScenario" time="0.95">
    <failure message="Invalid tag expression at &apos;cucumberpracticeProject.StepDefinition.Hooks.callDriver()&apos;" type="java.lang.IllegalArgumentException">java.lang.IllegalArgumentException: Invalid tag expression at &apos;cucumberpracticeProject.StepDefinition.Hooks.callDriver()&apos;
	at io.cucumber.core.runner.CoreHookDefinition.&lt;init&gt;(CoreHookDefinition.java:31)
	at io.cucumber.core.runner.CoreHookDefinition.create(CoreHookDefinition.java:42)
	at io.cucumber.core.runner.CachingGlue.addBeforeHook(CachingGlue.java:89)
	at io.cucumber.java.GlueAdaptor.addDefinition(GlueAdaptor.java:27)
	at io.cucumber.java.JavaBackend.lambda$loadGlue$1(JavaBackend.java:42)
	at io.cucumber.java.MethodScanner.scan(MethodScanner.java:65)
	at io.cucumber.java.MethodScanner.scan(MethodScanner.java:56)
	at io.cucumber.java.MethodScanner.scan(MethodScanner.java:31)
	at io.cucumber.java.JavaBackend.lambda$loadGlue$2(JavaBackend.java:40)
	at java.util.stream.ForEachOps$ForEachOp$OfRef.accept(ForEachOps.java:184)
	at java.util.ArrayList$ArrayListSpliterator.forEachRemaining(ArrayList.java:1382)
	at java.util.stream.ReferencePipeline$Head.forEach(ReferencePipeline.java:580)
	at java.util.stream.ReferencePipeline$7$1.accept(ReferencePipeline.java:270)
	at java.util.stream.ReferencePipeline$3$1.accept(ReferencePipeline.java:193)
	at java.util.stream.ReferencePipeline$3$1.accept(ReferencePipeline.java:193)
	at java.util.stream.ReferencePipeline$2$1.accept(ReferencePipeline.java:175)
	at java.util.ArrayList$ArrayListSpliterator.forEachRemaining(ArrayList.java:1382)
	at java.util.stream.AbstractPipeline.copyInto(AbstractPipeline.java:482)
	at java.util.stream.AbstractPipeline.wrapAndCopyInto(AbstractPipeline.java:472)
	at java.util.stream.ForEachOps$ForEachOp.evaluateSequential(ForEachOps.java:151)
	at java.util.stream.ForEachOps$ForEachOp$OfRef.evaluateSequential(ForEachOps.java:174)
	at java.util.stream.AbstractPipeline.evaluate(AbstractPipeline.java:234)
	at java.util.stream.ReferencePipeline.forEach(ReferencePipeline.java:418)
	at io.cucumber.java.JavaBackend.loadGlue(JavaBackend.java:40)
	at io.cucumber.core.runner.Runner.&lt;init&gt;(Runner.java:54)
	at io.cucumber.core.runtime.ThreadLocalRunnerSupplier.createRunner(ThreadLocalRunnerSupplier.java:51)
	at java.lang.ThreadLocal$SuppliedThreadLocal.initialValue(ThreadLocal.java:284)
	at java.lang.ThreadLocal.setInitialValue(ThreadLocal.java:180)
	at java.lang.ThreadLocal.get(ThreadLocal.java:170)
	at io.cucumber.core.runtime.ThreadLocalRunnerSupplier.get(ThreadLocalRunnerSupplier.java:43)
	at io.cucumber.core.runtime.CucumberExecutionContext.getRunner(CucumberExecutionContext.java:128)
	at io.cucumber.core.runtime.CucumberExecutionContext.runTestCase(CucumberExecutionContext.java:115)
	at io.cucumber.testng.TestNGCucumberRunner.runScenario(TestNGCucumberRunner.java:114)
	at io.cucumber.testng.AbstractTestNGCucumberTests.runScenario(AbstractTestNGCucumberTests.java:31)
	at sun.reflect.NativeMethodAccessorImpl.invoke0(Native Method)
	at sun.reflect.NativeMethodAccessorImpl.invoke(NativeMethodAccessorImpl.java:62)
	at sun.reflect.DelegatingMethodAccessorImpl.invoke(DelegatingMethodAccessorImpl.java:43)
	at java.lang.reflect.Method.invoke(Method.java:498)
	at org.testng.internal.MethodInvocationHelper.invokeMethod(MethodInvocationHelper.java:133)
	at org.testng.internal.TestInvoker.invokeMethod(TestInvoker.java:598)
	at org.testng.internal.TestInvoker.invokeTestMethod(TestInvoker.java:173)
	at org.testng.internal.TestMethodWithDataProviderMethodWorker.call(TestMethodWithDataProviderMethodWorker.java:77)
	at org.testng.internal.TestMethodWithDataProviderMethodWorker.call(TestMethodWithDataProviderMethodWorker.java:15)
	at java.util.concurrent.FutureTask.run(FutureTask.java:266)
	at java.util.concurrent.Executors$RunnableAdapter.call(Executors.java:511)
	at java.util.concurrent.FutureTask.run(FutureTask.java:266)
	at java.util.concurrent.ThreadPoolExecutor.runWorker(ThreadPoolExecutor.java:1149)
	at java.util.concurrent.ThreadPoolExecutor$Worker.run(ThreadPoolExecutor.java:624)
	at java.lang.Thread.run(Thread.java:748)
Caused by: io.cucumber.tagexpressions.TagExpressionException: Tag expression &apos;Sanity, smoke, regression&apos; could not be parsed because of syntax error: expected operator
	at io.cucumber.tagexpressions.TagExpressionParser.check(TagExpressionParser.java:136)
	at io.cucumber.tagexpressions.TagExpressionParser.parse(TagExpressionParser.java:74)
	at io.cucumber.tagexpressions.TagExpressionParser.parse(TagExpressionParser.java:27)
	at io.cucumber.core.runner.CoreHookDefinition.&lt;init&gt;(CoreHookDefinition.java:28)
	... 48 more
Caused by: io.cucumber.tagexpressions.TagExpressionException: Tag expression &apos;Sanity, smoke, regression&apos; could not be parsed because of syntax error: expected operator
	at io.cucumber.tagexpressions.TagExpressionParser.check(TagExpressionParser.java:136)
	at io.cucumber.tagexpressions.TagExpressionParser.parse(TagExpressionParser.java:74)
	at io.cucumber.tagexpressions.TagExpressionParser.parse(TagExpressionParser.java:27)
	at io.cucumber.core.runner.CoreHookDefinition.&lt;init&gt;(CoreHookDefinition.java:28)
	... 48 more
</failure>
  </testcase>
  <testcase classname="cucumberpracticeProject.TestRunner.TestRunner" name="runScenario" time="1.06">
    <failure message="Invalid tag expression at &apos;cucumberpracticeProject.StepDefinition.Hooks.callDriver()&apos;" type="java.lang.IllegalArgumentException">java.lang.IllegalArgumentException: Invalid tag expression at &apos;cucumberpracticeProject.StepDefinition.Hooks.callDriver()&apos;
	at io.cucumber.core.runner.CoreHookDefinition.&lt;init&gt;(CoreHookDefinition.java:31)
	at io.cucumber.core.runner.CoreHookDefinition.create(CoreHookDefinition.java:42)
	at io.cucumber.core.runner.CachingGlue.addBeforeHook(CachingGlue.java:89)
	at io.cucumber.java.GlueAdaptor.addDefinition(GlueAdaptor.java:27)
	at io.cucumber.java.JavaBackend.lambda$loadGlue$1(JavaBackend.java:42)
	at io.cucumber.java.MethodScanner.scan(MethodScanner.java:65)
	at io.cucumber.java.MethodScanner.scan(MethodScanner.java:56)
	at io.cucumber.java.MethodScanner.scan(MethodScanner.java:31)
	at io.cucumber.java.JavaBackend.lambda$loadGlue$2(JavaBackend.java:40)
	at java.util.stream.ForEachOps$ForEachOp$OfRef.accept(ForEachOps.java:184)
	at java.util.ArrayList$ArrayListSpliterator.forEachRemaining(ArrayList.java:1382)
	at java.util.stream.ReferencePipeline$Head.forEach(ReferencePipeline.java:580)
	at java.util.stream.ReferencePipeline$7$1.accept(ReferencePipeline.java:270)
	at java.util.stream.ReferencePipeline$3$1.accept(ReferencePipeline.java:193)
	at java.util.stream.ReferencePipeline$3$1.accept(ReferencePipeline.java:193)
	at java.util.stream.ReferencePipeline$2$1.accept(ReferencePipeline.java:175)
	at java.util.ArrayList$ArrayListSpliterator.forEachRemaining(ArrayList.java:1382)
	at java.util.stream.AbstractPipeline.copyInto(AbstractPipeline.java:482)
	at java.util.stream.AbstractPipeline.wrapAndCopyInto(AbstractPipeline.java:472)
	at java.util.stream.ForEachOps$ForEachOp.evaluateSequential(ForEachOps.java:151)
	at java.util.stream.ForEachOps$ForEachOp$OfRef.evaluateSequential(ForEachOps.java:174)
	at java.util.stream.AbstractPipeline.evaluate(AbstractPipeline.java:234)
	at java.util.stream.ReferencePipeline.forEach(ReferencePipeline.java:418)
	at io.cucumber.java.JavaBackend.loadGlue(JavaBackend.java:40)
	at io.cucumber.core.runner.Runner.&lt;init&gt;(Runner.java:54)
	at io.cucumber.core.runtime.ThreadLocalRunnerSupplier.createRunner(ThreadLocalRunnerSupplier.java:51)
	at java.lang.ThreadLocal$SuppliedThreadLocal.initialValue(ThreadLocal.java:284)
	at java.lang.ThreadLocal.setInitialValue(ThreadLocal.java:180)
	at java.lang.ThreadLocal.get(ThreadLocal.java:170)
	at io.cucumber.core.runtime.ThreadLocalRunnerSupplier.get(ThreadLocalRunnerSupplier.java:43)
	at io.cucumber.core.runtime.CucumberExecutionContext.getRunner(CucumberExecutionContext.java:128)
	at io.cucumber.core.runtime.CucumberExecutionContext.runTestCase(CucumberExecutionContext.java:115)
	at io.cucumber.testng.TestNGCucumberRunner.runScenario(TestNGCucumberRunner.java:114)
	at io.cucumber.testng.AbstractTestNGCucumberTests.runScenario(AbstractTestNGCucumberTests.java:31)
	at sun.reflect.NativeMethodAccessorImpl.invoke0(Native Method)
	at sun.reflect.NativeMethodAccessorImpl.invoke(NativeMethodAccessorImpl.java:62)
	at sun.reflect.DelegatingMethodAccessorImpl.invoke(DelegatingMethodAccessorImpl.java:43)
	at java.lang.reflect.Method.invoke(Method.java:498)
	at org.testng.internal.MethodInvocationHelper.invokeMethod(MethodInvocationHelper.java:133)
	at org.testng.internal.TestInvoker.invokeMethod(TestInvoker.java:598)
	at org.testng.internal.TestInvoker.invokeTestMethod(TestInvoker.java:173)
	at org.testng.internal.TestMethodWithDataProviderMethodWorker.call(TestMethodWithDataProviderMethodWorker.java:77)
	at org.testng.internal.TestMethodWithDataProviderMethodWorker.call(TestMethodWithDataProviderMethodWorker.java:15)
	at java.util.concurrent.FutureTask.run(FutureTask.java:266)
	at java.util.concurrent.Executors$RunnableAdapter.call(Executors.java:511)
	at java.util.concurrent.FutureTask.run(FutureTask.java:266)
	at java.util.concurrent.ThreadPoolExecutor.runWorker(ThreadPoolExecutor.java:1149)
	at java.util.concurrent.ThreadPoolExecutor$Worker.run(ThreadPoolExecutor.java:624)
	at java.lang.Thread.run(Thread.java:748)
Caused by: io.cucumber.tagexpressions.TagExpressionException: Tag expression &apos;Sanity, smoke, regression&apos; could not be parsed because of syntax error: expected operator
	at io.cucumber.tagexpressions.TagExpressionParser.check(TagExpressionParser.java:136)
	at io.cucumber.tagexpressions.TagExpressionParser.parse(TagExpressionParser.java:74)
	at io.cucumber.tagexpressions.TagExpressionParser.parse(TagExpressionParser.java:27)
	at io.cucumber.core.runner.CoreHookDefinition.&lt;init&gt;(CoreHookDefinition.java:28)
	... 48 more
Caused by: io.cucumber.tagexpressions.TagExpressionException: Tag expression &apos;Sanity, smoke, regression&apos; could not be parsed because of syntax error: expected operator
	at io.cucumber.tagexpressions.TagExpressionParser.check(TagExpressionParser.java:136)
	at io.cucumber.tagexpressions.TagExpressionParser.parse(TagExpressionParser.java:74)
	at io.cucumber.tagexpressions.TagExpressionParser.parse(TagExpressionParser.java:27)
	at io.cucumber.core.runner.CoreHookDefinition.&lt;init&gt;(CoreHookDefinition.java:28)
	... 48 more
</failure>
    <system-err>Jul 31, 2021 7:18:06 AM io.cucumber.core.runtime.CucumberExecutionContext getRunner
SEVERE: Unable to start Cucumber
java.lang.IllegalArgumentException: Invalid tag expression at &apos;cucumberpracticeProject.StepDefinition.Hooks.callDriver()&apos;
	at io.cucumber.core.runner.CoreHookDefinition.&lt;init&gt;(CoreHookDefinition.java:31)
	at io.cucumber.core.runner.CoreHookDefinition.create(CoreHookDefinition.java:42)
	at io.cucumber.core.runner.CachingGlue.addBeforeHook(CachingGlue.java:89)
	at io.cucumber.java.GlueAdaptor.addDefinition(GlueAdaptor.java:27)
	at io.cucumber.java.JavaBackend.lambda$loadGlue$1(JavaBackend.java:42)
	at io.cucumber.java.MethodScanner.scan(MethodScanner.java:65)
	at io.cucumber.java.MethodScanner.scan(MethodScanner.java:56)
	at io.cucumber.java.MethodScanner.scan(MethodScanner.java:31)
	at io.cucumber.java.JavaBackend.lambda$loadGlue$2(JavaBackend.java:40)
	at java.util.stream.ForEachOps$ForEachOp$OfRef.accept(ForEachOps.java:184)
	at java.util.ArrayList$ArrayListSpliterator.forEachRemaining(ArrayList.java:1382)
	at java.util.stream.ReferencePipeline$Head.forEach(ReferencePipeline.java:580)
	at java.util.stream.ReferencePipeline$7$1.accept(ReferencePipeline.java:270)
	at java.util.stream.ReferencePipeline$3$1.accept(ReferencePipeline.java:193)
	at java.util.stream.ReferencePipeline$3$1.accept(ReferencePipeline.java:193)
	at java.util.stream.ReferencePipeline$2$1.accept(ReferencePipeline.java:175)
	at java.util.ArrayList$ArrayListSpliterator.forEachRemaining(ArrayList.java:1382)
	at java.util.stream.AbstractPipeline.copyInto(AbstractPipeline.java:482)
	at java.util.stream.AbstractPipeline.wrapAndCopyInto(AbstractPipeline.java:472)
	at java.util.stream.ForEachOps$ForEachOp.evaluateSequential(ForEachOps.java:151)
	at java.util.stream.ForEachOps$ForEachOp$OfRef.evaluateSequential(ForEachOps.java:174)
	at java.util.stream.AbstractPipeline.evaluate(AbstractPipeline.java:234)
	at java.util.stream.ReferencePipeline.forEach(ReferencePipeline.java:418)
	at io.cucumber.java.JavaBackend.loadGlue(JavaBackend.java:40)
	at io.cucumber.core.runner.Runner.&lt;init&gt;(Runner.java:54)
	at io.cucumber.core.runtime.ThreadLocalRunnerSupplier.createRunner(ThreadLocalRunnerSupplier.java:51)
	at java.lang.ThreadLocal$SuppliedThreadLocal.initialValue(ThreadLocal.java:284)
	at java.lang.ThreadLocal.setInitialValue(ThreadLocal.java:180)
	at java.lang.ThreadLocal.get(ThreadLocal.java:170)
	at io.cucumber.core.runtime.ThreadLocalRunnerSupplier.get(ThreadLocalRunnerSupplier.java:43)
	at io.cucumber.core.runtime.CucumberExecutionContext.getRunner(CucumberExecutionContext.java:128)
	at io.cucumber.core.runtime.CucumberExecutionContext.runTestCase(CucumberExecutionContext.java:115)
	at io.cucumber.testng.TestNGCucumberRunner.runScenario(TestNGCucumberRunner.java:114)
	at io.cucumber.testng.AbstractTestNGCucumberTests.runScenario(AbstractTestNGCucumberTests.java:31)
	at sun.reflect.NativeMethodAccessorImpl.invoke0(Native Method)
	at sun.reflect.NativeMethodAccessorImpl.invoke(NativeMethodAccessorImpl.java:62)
	at sun.reflect.DelegatingMethodAccessorImpl.invoke(DelegatingMethodAccessorImpl.java:43)
	at java.lang.reflect.Method.invoke(Method.java:498)
	at org.testng.internal.MethodInvocationHelper.invokeMethod(MethodInvocationHelper.java:133)
	at org.testng.internal.TestInvoker.invokeMethod(TestInvoker.java:598)
	at org.testng.internal.TestInvoker.invokeTestMethod(TestInvoker.java:173)
	at org.testng.internal.TestMethodWithDataProviderMethodWorker.call(TestMethodWithDataProviderMethodWorker.java:77)
	at org.testng.internal.TestMethodWithDataProviderMethodWorker.call(TestMethodWithDataProviderMethodWorker.java:15)
	at java.util.concurrent.FutureTask.run(FutureTask.java:266)
	at java.util.concurrent.Executors$RunnableAdapter.call(Executors.java:511)
	at java.util.concurrent.FutureTask.run(FutureTask.java:266)
	at java.util.concurrent.ThreadPoolExecutor.runWorker(ThreadPoolExecutor.java:1149)
	at java.util.concurrent.ThreadPoolExecutor$Worker.run(ThreadPoolExecutor.java:624)
	at java.lang.Thread.run(Thread.java:748)
Caused by: io.cucumber.tagexpressions.TagExpressionException: Tag expression &apos;Sanity, smoke, regression&apos; could not be parsed because of syntax error: expected operator
	at io.cucumber.tagexpressions.TagExpressionParser.check(TagExpressionParser.java:136)
	at io.cucumber.tagexpressions.TagExpressionParser.parse(TagExpressionParser.java:74)
	at io.cucumber.tagexpressions.TagExpressionParser.parse(TagExpressionParser.java:27)
	at io.cucumber.core.runner.CoreHookDefinition.&lt;init&gt;(CoreHookDefinition.java:28)
	... 48 more

</system-err>
  </testcase>
  <testcase classname="cucumberpracticeProject.TestRunner.TestRunner" name="runScenario" time="1.06">
    <failure message="Invalid tag expression at &apos;cucumberpracticeProject.StepDefinition.Hooks.callDriver()&apos;" type="java.lang.IllegalArgumentException">java.lang.IllegalArgumentException: Invalid tag expression at &apos;cucumberpracticeProject.StepDefinition.Hooks.callDriver()&apos;
	at io.cucumber.core.runner.CoreHookDefinition.&lt;init&gt;(CoreHookDefinition.java:31)
	at io.cucumber.core.runner.CoreHookDefinition.create(CoreHookDefinition.java:42)
	at io.cucumber.core.runner.CachingGlue.addBeforeHook(CachingGlue.java:89)
	at io.cucumber.java.GlueAdaptor.addDefinition(GlueAdaptor.java:27)
	at io.cucumber.java.JavaBackend.lambda$loadGlue$1(JavaBackend.java:42)
	at io.cucumber.java.MethodScanner.scan(MethodScanner.java:65)
	at io.cucumber.java.MethodScanner.scan(MethodScanner.java:56)
	at io.cucumber.java.MethodScanner.scan(MethodScanner.java:31)
	at io.cucumber.java.JavaBackend.lambda$loadGlue$2(JavaBackend.java:40)
	at java.util.stream.ForEachOps$ForEachOp$OfRef.accept(ForEachOps.java:184)
	at java.util.ArrayList$ArrayListSpliterator.forEachRemaining(ArrayList.java:1382)
	at java.util.stream.ReferencePipeline$Head.forEach(ReferencePipeline.java:580)
	at java.util.stream.ReferencePipeline$7$1.accept(ReferencePipeline.java:270)
	at java.util.stream.ReferencePipeline$3$1.accept(ReferencePipeline.java:193)
	at java.util.stream.ReferencePipeline$3$1.accept(ReferencePipeline.java:193)
	at java.util.stream.ReferencePipeline$2$1.accept(ReferencePipeline.java:175)
	at java.util.ArrayList$ArrayListSpliterator.forEachRemaining(ArrayList.java:1382)
	at java.util.stream.AbstractPipeline.copyInto(AbstractPipeline.java:482)
	at java.util.stream.AbstractPipeline.wrapAndCopyInto(AbstractPipeline.java:472)
	at java.util.stream.ForEachOps$ForEachOp.evaluateSequential(ForEachOps.java:151)
	at java.util.stream.ForEachOps$ForEachOp$OfRef.evaluateSequential(ForEachOps.java:174)
	at java.util.stream.AbstractPipeline.evaluate(AbstractPipeline.java:234)
	at java.util.stream.ReferencePipeline.forEach(ReferencePipeline.java:418)
	at io.cucumber.java.JavaBackend.loadGlue(JavaBackend.java:40)
	at io.cucumber.core.runner.Runner.&lt;init&gt;(Runner.java:54)
	at io.cucumber.core.runtime.ThreadLocalRunnerSupplier.createRunner(ThreadLocalRunnerSupplier.java:51)
	at java.lang.ThreadLocal$SuppliedThreadLocal.initialValue(ThreadLocal.java:284)
	at java.lang.ThreadLocal.setInitialValue(ThreadLocal.java:180)
	at java.lang.ThreadLocal.get(ThreadLocal.java:170)
	at io.cucumber.core.runtime.ThreadLocalRunnerSupplier.get(ThreadLocalRunnerSupplier.java:43)
	at io.cucumber.core.runtime.CucumberExecutionContext.getRunner(CucumberExecutionContext.java:128)
	at io.cucumber.core.runtime.CucumberExecutionContext.runTestCase(CucumberExecutionContext.java:115)
	at io.cucumber.testng.TestNGCucumberRunner.runScenario(TestNGCucumberRunner.java:114)
	at io.cucumber.testng.AbstractTestNGCucumberTests.runScenario(AbstractTestNGCucumberTests.java:31)
	at sun.reflect.NativeMethodAccessorImpl.invoke0(Native Method)
	at sun.reflect.NativeMethodAccessorImpl.invoke(NativeMethodAccessorImpl.java:62)
	at sun.reflect.DelegatingMethodAccessorImpl.invoke(DelegatingMethodAccessorImpl.java:43)
	at java.lang.reflect.Method.invoke(Method.java:498)
	at org.testng.internal.MethodInvocationHelper.invokeMethod(MethodInvocationHelper.java:133)
	at org.testng.internal.TestInvoker.invokeMethod(TestInvoker.java:598)
	at org.testng.internal.TestInvoker.invokeTestMethod(TestInvoker.java:173)
	at org.testng.internal.TestMethodWithDataProviderMethodWorker.call(TestMethodWithDataProviderMethodWorker.java:77)
	at org.testng.internal.TestMethodWithDataProviderMethodWorker.call(TestMethodWithDataProviderMethodWorker.java:15)
	at java.util.concurrent.FutureTask.run(FutureTask.java:266)
	at java.util.concurrent.Executors$RunnableAdapter.call(Executors.java:511)
	at java.util.concurrent.FutureTask.run(FutureTask.java:266)
	at java.util.concurrent.ThreadPoolExecutor.runWorker(ThreadPoolExecutor.java:1149)
	at java.util.concurrent.ThreadPoolExecutor$Worker.run(ThreadPoolExecutor.java:624)
	at java.lang.Thread.run(Thread.java:748)
Caused by: io.cucumber.tagexpressions.TagExpressionException: Tag expression &apos;Sanity, smoke, regression&apos; could not be parsed because of syntax error: expected operator
	at io.cucumber.tagexpressions.TagExpressionParser.check(TagExpressionParser.java:136)
	at io.cucumber.tagexpressions.TagExpressionParser.parse(TagExpressionParser.java:74)
	at io.cucumber.tagexpressions.TagExpressionParser.parse(TagExpressionParser.java:27)
	at io.cucumber.core.runner.CoreHookDefinition.&lt;init&gt;(CoreHookDefinition.java:28)
	... 48 more
Caused by: io.cucumber.tagexpressions.TagExpressionException: Tag expression &apos;Sanity, smoke, regression&apos; could not be parsed because of syntax error: expected operator
	at io.cucumber.tagexpressions.TagExpressionParser.check(TagExpressionParser.java:136)
	at io.cucumber.tagexpressions.TagExpressionParser.parse(TagExpressionParser.java:74)
	at io.cucumber.tagexpressions.TagExpressionParser.parse(TagExpressionParser.java:27)
	at io.cucumber.core.runner.CoreHookDefinition.&lt;init&gt;(CoreHookDefinition.java:28)
	... 48 more
</failure>
  </testcase>
</testsuite>