<?xml version="1.0" encoding="UTF-8"?>
<testng-results skipped="0" failed="0" ignored="0" total="4" passed="4">
  <reporter-output>
  </reporter-output>
  <suite name="Default suite" duration-ms="235348" started-at="2021-07-15T11:02:06Z" finished-at="2021-07-15T11:06:02Z">
    <groups>
      <group name="cucumber">
        <method signature="AbstractTestNGCucumberTests.runScenario(io.cucumber.testng.PickleWrapper, io.cucumber.testng.FeatureWrapper)[pri:0, instance:cucumberpracticeProject.TestRunner.TestRunner@5bcab519]" name="runScenario" class="io.cucumber.testng.AbstractTestNGCucumberTests"/>
      </group> <!-- cucumber -->
    </groups>
    <test name="Default test" duration-ms="235348" started-at="2021-07-15T11:02:06Z" finished-at="2021-07-15T11:06:02Z">
      <class name="cucumberpracticeProject.TestRunner.TestRunner">
        <test-method status="PASS" signature="setUpClass()[pri:0, instance:cucumberpracticeProject.TestRunner.TestRunner@5bcab519]" name="setUpClass" is-config="true" duration-ms="3233" started-at="2021-07-15T16:32:06Z" finished-at="2021-07-15T16:32:10Z">
          <reporter-output>
          </reporter-output>
        </test-method> <!-- setUpClass -->
        <test-method status="PASS" signature="runScenario(io.cucumber.testng.PickleWrapper, io.cucumber.testng.FeatureWrapper)[pri:0, instance:cucumberpracticeProject.TestRunner.TestRunner@5bcab519]" name="runScenario" duration-ms="228455" started-at="2021-07-15T16:32:10Z" description="Runs Cucumber Scenarios" data-provider="scenarios" finished-at="2021-07-15T16:35:58Z">
          <params>
            <param index="0">
              <value>
                <![CDATA["Facebook login"]]>
              </value>
            </param>
            <param index="1">
              <value>
                <![CDATA["Optional[Basic for report practice]"]]>
              </value>
            </param>
          </params>
          <reporter-output>
          </reporter-output>
        </test-method> <!-- runScenario -->
        <test-method status="PASS" signature="runScenario(io.cucumber.testng.PickleWrapper, io.cucumber.testng.FeatureWrapper)[pri:0, instance:cucumberpracticeProject.TestRunner.TestRunner@5bcab519]" name="runScenario" duration-ms="226606" started-at="2021-07-15T16:32:10Z" description="Runs Cucumber Scenarios" data-provider="scenarios" finished-at="2021-07-15T16:35:56Z">
          <params>
            <param index="0">
              <value>
                <![CDATA["Facebook login"]]>
              </value>
            </param>
            <param index="1">
              <value>
                <![CDATA["Optional[Basic for report practice]"]]>
              </value>
            </param>
          </params>
          <reporter-output>
          </reporter-output>
        </test-method> <!-- runScenario -->
        <test-method status="PASS" signature="runScenario(io.cucumber.testng.PickleWrapper, io.cucumber.testng.FeatureWrapper)[pri:0, instance:cucumberpracticeProject.TestRunner.TestRunner@5bcab519]" name="runScenario" duration-ms="226606" started-at="2021-07-15T16:32:10Z" description="Runs Cucumber Scenarios" data-provider="scenarios" finished-at="2021-07-15T16:35:56Z">
          <params>
            <param index="0">
              <value>
                <![CDATA["Facebook login"]]>
              </value>
            </param>
            <param index="1">
              <value>
                <![CDATA["Optional[Basic for report practice]"]]>
              </value>
            </param>
          </params>
          <reporter-output>
          </reporter-output>
        </test-method> <!-- runScenario -->
        <test-method status="PASS" signature="runScenario(io.cucumber.testng.PickleWrapper, io.cucumber.testng.FeatureWrapper)[pri:0, instance:cucumberpracticeProject.TestRunner.TestRunner@5bcab519]" name="runScenario" duration-ms="226606" started-at="2021-07-15T16:32:10Z" description="Runs Cucumber Scenarios" data-provider="scenarios" finished-at="2021-07-15T16:35:56Z">
          <params>
            <param index="0">
              <value>
                <![CDATA["Facebook login"]]>
              </value>
            </param>
            <param index="1">
              <value>
                <![CDATA["Optional[Basic for report practice]"]]>
              </value>
            </param>
          </params>
          <reporter-output>
          </reporter-output>
        </test-method> <!-- runScenario -->
        <test-method status="PASS" signature="tearDownClass()[pri:0, instance:cucumberpracticeProject.TestRunner.TestRunner@5bcab519]" name="tearDownClass" is-config="true" duration-ms="3471" started-at="2021-07-15T16:35:58Z" finished-at="2021-07-15T16:36:02Z">
          <reporter-output>
          </reporter-output>
        </test-method> <!-- tearDownClass -->
      </class> <!-- cucumberpracticeProject.TestRunner.TestRunner -->
    </test> <!-- Default test -->
  </suite> <!-- Default suite -->
</testng-results>
